<?xml version="1.0" encoding="UTF-8"?>
<!-- Generated by org.testng.reporters.JUnitReportReporter -->
<testsuite name="digital.MappDigital00" tests="17" time="11.257" ignored="0" failures="0" timestamp="18 Jun 2017 08:02:51 GMT" skipped="0" hostname="T520" errors="0">
  <testcase name="WhichBoxOnTop" time="0.179" classname="digital.MappDigital00"/>
  <testcase name="WaitingGame" time="6.001" classname="digital.MappDigital00"/>
  <testcase name="YesNoIfOnPageVisiblePurplebox" time="0.144" classname="digital.MappDigital00"/>
  <testcase name="SetOccupation" time="0.152" classname="digital.MappDigital00"/>
  <testcase name="FillOutNameSection" time="0.174" classname="digital.MappDigital00"/>
  <testcase name="ResizeBrowser" time="1.218" classname="digital.MappDigital00"/>
  <testcase name="AcceptAlert" time="0.055" classname="digital.MappDigital00"/>
  <testcase name="ClickLink" time="0.088" classname="digital.MappDigital00"/>
  <testcase name="MarkRadioButton" time="0.100" classname="digital.MappDigital00"/>
  <testcase name="FindRedBoxClass" time="0.181" classname="digital.MappDigital00"/>
  <testcase name="ClickSubmitButton" time="0.204" classname="digital.MappDigital00"/>
  <testcase name="GetRedBoxText" time="0.172" classname="digital.MappDigital00"/>
  <testcase name="GrabPageTitleToSlot1" time="2.152" classname="digital.MappDigital00"/>
  <testcase name="RunJavaScript" time="0.009" classname="digital.MappDigital00"/>
  <testcase name="YesNoIfOnPageIsthere" time="0.164" classname="digital.MappDigital00"/>
  <testcase name="CountBlueBoxes" time="0.141" classname="digital.MappDigital00"/>
  <testcase name="RunJavaScriptGetValue" time="0.123" classname="digital.MappDigital00"/>
</testsuite> <!-- digital.MappDigital00 -->
