<?xml version="1.0" encoding="UTF-8"?>
<!-- Generated by org.testng.reporters.JUnitReportReporter -->
<testsuite name="digital.MappDigital" tests="17" time="13.651" ignored="0" failures="0" timestamp="18 Jun 2017 08:50:58 GMT" skipped="0" hostname="T520" errors="0">
  <testcase name="GrabPageTitleToSlot1" time="3.151" classname="digital.MappDigital"/>
  <testcase name="FillOutNameSection" time="0.192" classname="digital.MappDigital"/>
  <testcase name="GetRedBoxText" time="0.185" classname="digital.MappDigital"/>
  <testcase name="YesNoIfOnPageVisiblePurplebox" time="0.143" classname="digital.MappDigital"/>
  <testcase name="AcceptAlert" time="0.060" classname="digital.MappDigital"/>
  <testcase name="YesNoIfOnPageIsthere" time="0.144" classname="digital.MappDigital"/>
  <testcase name="CountBlueBoxes" time="0.144" classname="digital.MappDigital"/>
  <testcase name="RunJavaScriptGetValue" time="0.123" classname="digital.MappDigital"/>
  <testcase name="WaitingGame" time="7.412" classname="digital.MappDigital"/>
  <testcase name="MarkRadioButton" time="0.097" classname="digital.MappDigital"/>
  <testcase name="ResizeBrowser" time="1.231" classname="digital.MappDigital"/>
  <testcase name="RunJavaScript" time="0.013" classname="digital.MappDigital"/>
  <testcase name="ClickLink" time="0.082" classname="digital.MappDigital"/>
  <testcase name="WhichBoxOnTop" time="0.185" classname="digital.MappDigital"/>
  <testcase name="SetOccupation" time="0.159" classname="digital.MappDigital"/>
  <testcase name="FindRedBoxClass" time="0.183" classname="digital.MappDigital"/>
  <testcase name="ClickSubmitButton" time="0.147" classname="digital.MappDigital"/>
</testsuite> <!-- digital.MappDigital -->
